{"/home/dabao/code/daily-app/package.json": {"path":"/home/dabao/code/daily-app/package.json","statementMap":{"0":{"start":{"line":1,"column":20},"end":{"line":1,"column":38}},"1":{"start":{"line":2,"column":23},"end":{"line":2,"column":30}},"2":{"start":{"line":3,"column":27},"end":{"line":3,"column":38}},"3":{"start":{"line":4,"column":20},"end":{"line":4,"column":39}},"4":{"start":{"line":5,"column":23},"end":{"line":5,"column":736}},"5":{"start":{"line":6,"column":24},"end":{"line":6,"column":60}},"6":{"start":{"line":7,"column":22},"end":{"line":7,"column":70}},"7":{"start":{"line":8,"column":23},"end":{"line":8,"column":28}},"8":{"start":{"line":9,"column":31},"end":{"line":9,"column":458}},"9":{"start":{"line":10,"column":28},"end":{"line":10,"column":145}},"10":{"start":{"line":11,"column":21},"end":{"line":11,"column":612}}},"fnMap":{},"branchMap":{},"s":{"0":1,"1":1,"2":1,"3":1,"4":1,"5":1,"6":1,"7":1,"8":1,"9":1,"10":1},"f":{},"b":{},"meta":{"lastBranch":0,"lastFunction":0,"lastStatement":11,"seen":{"s:1:20:1:38":0,"s:2:23:2:30":1,"s:3:27:3:38":2,"s:4:20:4:39":3,"s:5:23:5:736":4,"s:6:24:6:60":5,"s:7:22:7:70":6,"s:8:23:8:28":7,"s:9:31:9:458":8,"s:10:28:10:145":9,"s:11:21:11:612":10}}}
,"/home/dabao/code/daily-app/src/main/constants.ts": {"path":"/home/dabao/code/daily-app/src/main/constants.ts","statementMap":{"0":{"start":{"line":1,"column":31},"end":{"line":5,"column":null}},"1":{"start":{"line":7,"column":26},"end":{"line":8,"column":null}},"2":{"start":{"line":13,"column":2},"end":{"line":13,"column":null}},"3":{"start":{"line":17,"column":2},"end":{"line":17,"column":null}},"4":{"start":{"line":21,"column":2},"end":{"line":21,"column":null}}},"fnMap":{"0":{"name":"getBatchSize","decl":{"start":{"line":12,"column":16},"end":{"line":12,"column":39}},"loc":{"start":{"line":12,"column":39},"end":{"line":13,"column":null}},"line":12},"1":{"name":"getAutoPushInterval","decl":{"start":{"line":16,"column":16},"end":{"line":16,"column":46}},"loc":{"start":{"line":16,"column":46},"end":{"line":17,"column":null}},"line":16},"2":{"name":"getAutoCheckInterval","decl":{"start":{"line":20,"column":16},"end":{"line":20,"column":47}},"loc":{"start":{"line":20,"column":47},"end":{"line":21,"column":null}},"line":20}},"branchMap":{},"s":{"0":2,"1":2,"2":1,"3":1,"4":1},"f":{"0":1,"1":1,"2":1},"b":{},"meta":{"lastBranch":0,"lastFunction":3,"lastStatement":5,"seen":{"s:1:31:5:Infinity":0,"s:7:26:8:Infinity":1,"f:12:16:12:39":0,"s:13:2:13:Infinity":2,"f:16:16:16:46":1,"s:17:2:17:Infinity":3,"f:20:16:20:47":2,"s:21:2:21:Infinity":4}}}
,"/home/dabao/code/daily-app/src/main/crypto.ts": {"path":"/home/dabao/code/daily-app/src/main/crypto.ts","statementMap":{"0":{"start":{"line":4,"column":18},"end":{"line":4,"column":null}},"1":{"start":{"line":5,"column":23},"end":{"line":5,"column":null}},"2":{"start":{"line":8,"column":2},"end":{"line":8,"column":null}},"3":{"start":{"line":12,"column":2},"end":{"line":12,"column":null}},"4":{"start":{"line":16,"column":2},"end":{"line":16,"column":null}},"5":{"start":{"line":20,"column":2},"end":{"line":27,"column":null}},"6":{"start":{"line":21,"column":22},"end":{"line":21,"column":41}},"7":{"start":{"line":22,"column":4},"end":{"line":22,"column":null}},"8":{"start":{"line":23,"column":4},"end":{"line":23,"column":null}},"9":{"start":{"line":26,"column":4},"end":{"line":26,"column":null}},"10":{"start":{"line":27,"column":4},"end":{"line":27,"column":null}},"11":{"start":{"line":33,"column":16},"end":{"line":33,"column":36}},"12":{"start":{"line":34,"column":22},"end":{"line":34,"column":47}},"13":{"start":{"line":36,"column":2},"end":{"line":45,"column":null}},"14":{"start":{"line":37,"column":4},"end":{"line":40,"column":null}},"15":{"start":{"line":39,"column":6},"end":{"line":40,"column":null}},"16":{"start":{"line":40,"column":8},"end":{"line":40,"column":null}},"17":{"start":{"line":44,"column":4},"end":{"line":45,"column":null}},"18":{"start":{"line":45,"column":6},"end":{"line":45,"column":null}},"19":{"start":{"line":50,"column":17},"end":{"line":50,"column":43}},"20":{"start":{"line":51,"column":2},"end":{"line":57,"column":null}},"21":{"start":{"line":53,"column":4},"end":{"line":53,"column":null}},"22":{"start":{"line":55,"column":22},"end":{"line":55,"column":null}},"23":{"start":{"line":56,"column":4},"end":{"line":56,"column":null}},"24":{"start":{"line":57,"column":4},"end":{"line":57,"column":null}},"25":{"start":{"line":60,"column":2},"end":{"line":60,"column":null}}},"fnMap":{"0":{"name":"encryptToken","decl":{"start":{"line":7,"column":16},"end":{"line":7,"column":29}},"loc":{"start":{"line":7,"column":52},"end":{"line":8,"column":null}},"line":7},"1":{"name":"decryptToken","decl":{"start":{"line":11,"column":16},"end":{"line":11,"column":29}},"loc":{"start":{"line":11,"column":56},"end":{"line":12,"column":null}},"line":11},"2":{"name":"isEncryptionAvailable","decl":{"start":{"line":15,"column":16},"end":{"line":15,"column":49}},"loc":{"start":{"line":15,"column":49},"end":{"line":16,"column":null}},"line":15},"3":{"name":"saveToken","decl":{"start":{"line":19,"column":16},"end":{"line":19,"column":26}},"loc":{"start":{"line":19,"column":64},"end":{"line":27,"column":null}},"line":19},"4":{"name":"loadToken","decl":{"start":{"line":31,"column":16},"end":{"line":31,"column":26}},"loc":{"start":{"line":31,"column":58},"end":{"line":60,"column":null}},"line":31}},"branchMap":{"0":{"loc":{"start":{"line":20,"column":2},"end":{"line":27,"column":null}},"type":"if","locations":[{"start":{"line":20,"column":2},"end":{"line":27,"column":null}},{"start":{"line":24,"column":9},"end":{"line":27,"column":null}}],"line":20},"1":{"loc":{"start":{"line":36,"column":2},"end":{"line":45,"column":null}},"type":"if","locations":[{"start":{"line":36,"column":2},"end":{"line":45,"column":null}},{"start":{},"end":{}}],"line":36},"2":{"loc":{"start":{"line":37,"column":4},"end":{"line":40,"column":null}},"type":"if","locations":[{"start":{"line":37,"column":4},"end":{"line":40,"column":null}},{"start":{},"end":{}}],"line":37},"3":{"loc":{"start":{"line":37,"column":8},"end":{"line":37,"column":46}},"type":"binary-expr","locations":[{"start":{"line":37,"column":8},"end":{"line":37,"column":23}},{"start":{"line":37,"column":23},"end":{"line":37,"column":46}}],"line":37},"4":{"loc":{"start":{"line":39,"column":6},"end":{"line":40,"column":null}},"type":"if","locations":[{"start":{"line":39,"column":6},"end":{"line":40,"column":null}},{"start":{},"end":{}}],"line":39},"5":{"loc":{"start":{"line":44,"column":4},"end":{"line":45,"column":null}},"type":"if","locations":[{"start":{"line":44,"column":4},"end":{"line":45,"column":null}},{"start":{},"end":{}}],"line":44},"6":{"loc":{"start":{"line":51,"column":2},"end":{"line":57,"column":null}},"type":"if","locations":[{"start":{"line":51,"column":2},"end":{"line":57,"column":null}},{"start":{},"end":{}}],"line":51}},"s":{"0":1,"1":1,"2":3,"3":2,"4":8,"5":4,"6":2,"7":2,"8":2,"9":2,"10":2,"11":6,"12":6,"13":6,"14":3,"15":2,"16":1,"17":2,"18":2,"19":3,"20":3,"21":2,"22":2,"23":2,"24":2,"25":1},"f":{"0":3,"1":2,"2":8,"3":4,"4":6},"b":{"0":[2,2],"1":[3,3],"2":[2,1],"3":[3,2],"4":[1,1],"5":[2,0],"6":[2,1]},"meta":{"lastBranch":7,"lastFunction":5,"lastStatement":26,"seen":{"s:4:18:4:Infinity":0,"s:5:23:5:Infinity":1,"f:7:16:7:29":0,"s:8:2:8:Infinity":2,"f:11:16:11:29":1,"s:12:2:12:Infinity":3,"f:15:16:15:49":2,"s:16:2:16:Infinity":4,"f:19:16:19:26":3,"b:20:2:27:Infinity:24:9:27:Infinity":0,"s:20:2:27:Infinity":5,"s:21:22:21:41":6,"s:22:4:22:Infinity":7,"s:23:4:23:Infinity":8,"s:26:4:26:Infinity":9,"s:27:4:27:Infinity":10,"f:31:16:31:26":4,"s:33:16:33:36":11,"s:34:22:34:47":12,"b:36:2:45:Infinity:undefined:undefined:undefined:undefined":1,"s:36:2:45:Infinity":13,"b:37:4:40:Infinity:undefined:undefined:undefined:undefined":2,"s:37:4:40:Infinity":14,"b:37:8:37:23:37:23:37:46":3,"b:39:6:40:Infinity:undefined:undefined:undefined:undefined":4,"s:39:6:40:Infinity":15,"s:40:8:40:Infinity":16,"b:44:4:45:Infinity:undefined:undefined:undefined:undefined":5,"s:44:4:45:Infinity":17,"s:45:6:45:Infinity":18,"s:50:17:50:43":19,"b:51:2:57:Infinity:undefined:undefined:undefined:undefined":6,"s:51:2:57:Infinity":20,"s:53:4:53:Infinity":21,"s:55:22:55:Infinity":22,"s:56:4:56:Infinity":23,"s:57:4:57:Infinity":24,"s:60:2:60:Infinity":25}}}
,"/home/dabao/code/daily-app/src/main/github-service.ts": {"path":"/home/dabao/code/daily-app/src/main/github-service.ts","statementMap":{"0":{"start":{"line":15,"column":32},"end":{"line":15,"column":null}},"1":{"start":{"line":17,"column":25},"end":{"line":17,"column":null}},"2":{"start":{"line":18,"column":40},"end":{"line":18,"column":null}},"3":{"start":{"line":19,"column":44},"end":{"line":19,"column":null}},"4":{"start":{"line":23,"column":59},"end":{"line":40,"column":null}},"5":{"start":{"line":43,"column":4},"end":{"line":43,"column":null}},"6":{"start":{"line":44,"column":4},"end":{"line":44,"column":null}},"7":{"start":{"line":45,"column":4},"end":{"line":45,"column":null}},"8":{"start":{"line":46,"column":4},"end":{"line":48,"column":null}},"9":{"start":{"line":50,"column":4},"end":{"line":51,"column":null}},"10":{"start":{"line":51,"column":6},"end":{"line":51,"column":null}},"11":{"start":{"line":56,"column":4},"end":{"line":59,"column":null}},"12":{"start":{"line":71,"column":4},"end":{"line":71,"column":null}},"13":{"start":{"line":73,"column":43},"end":{"line":73,"column":68}},"14":{"start":{"line":75,"column":4},"end":{"line":82,"column":null}},"15":{"start":{"line":76,"column":6},"end":{"line":76,"column":null}},"16":{"start":{"line":77,"column":6},"end":{"line":82,"column":null}},"17":{"start":{"line":85,"column":4},"end":{"line":90,"column":null}},"18":{"start":{"line":97,"column":4},"end":{"line":129,"column":null}},"19":{"start":{"line":98,"column":23},"end":{"line":103,"column":8}},"20":{"start":{"line":105,"column":6},"end":{"line":125,"column":null}},"21":{"start":{"line":106,"column":28},"end":{"line":106,"column":86}},"22":{"start":{"line":109,"column":8},"end":{"line":110,"column":null}},"23":{"start":{"line":110,"column":10},"end":{"line":110,"column":null}},"24":{"start":{"line":114,"column":40},"end":{"line":114,"column":42}},"25":{"start":{"line":115,"column":8},"end":{"line":117,"column":null}},"26":{"start":{"line":116,"column":10},"end":{"line":117,"column":null}},"27":{"start":{"line":117,"column":12},"end":{"line":117,"column":null}},"28":{"start":{"line":121,"column":8},"end":{"line":122,"column":null}},"29":{"start":{"line":122,"column":10},"end":{"line":122,"column":null}},"30":{"start":{"line":125,"column":8},"end":{"line":125,"column":null}},"31":{"start":{"line":129,"column":6},"end":{"line":129,"column":null}},"32":{"start":{"line":132,"column":4},"end":{"line":132,"column":null}},"33":{"start":{"line":140,"column":21},"end":{"line":140,"column":71}},"34":{"start":{"line":142,"column":21},"end":{"line":142,"column":82}},"35":{"start":{"line":143,"column":4},"end":{"line":144,"column":null}},"36":{"start":{"line":144,"column":6},"end":{"line":144,"column":null}},"37":{"start":{"line":146,"column":4},"end":{"line":146,"column":null}},"38":{"start":{"line":152,"column":4},"end":{"line":154,"column":null}},"39":{"start":{"line":161,"column":25},"end":{"line":165,"column":null}},"40":{"start":{"line":167,"column":4},"end":{"line":192,"column":null}},"41":{"start":{"line":168,"column":6},"end":{"line":192,"column":null}},"42":{"start":{"line":169,"column":25},"end":{"line":174,"column":10}},"43":{"start":{"line":176,"column":8},"end":{"line":184,"column":null}},"44":{"start":{"line":177,"column":10},"end":{"line":184,"column":null}},"45":{"start":{"line":188,"column":8},"end":{"line":192,"column":null}},"46":{"start":{"line":191,"column":26},"end":{"line":191,"column":80}},"47":{"start":{"line":192,"column":10},"end":{"line":192,"column":null}},"48":{"start":{"line":202,"column":34},"end":{"line":202,"column":36}},"49":{"start":{"line":204,"column":4},"end":{"line":215,"column":null}},"50":{"start":{"line":204,"column":17},"end":{"line":204,"column":20}},"51":{"start":{"line":205,"column":20},"end":{"line":205,"column":67}},"52":{"start":{"line":207,"column":22},"end":{"line":208,"column":null}},"53":{"start":{"line":208,"column":26},"end":{"line":208,"column":53}},"54":{"start":{"line":211,"column":6},"end":{"line":215,"column":null}},"55":{"start":{"line":212,"column":8},"end":{"line":213,"column":null}},"56":{"start":{"line":213,"column":10},"end":{"line":213,"column":null}},"57":{"start":{"line":218,"column":4},"end":{"line":218,"column":null}},"58":{"start":{"line":227,"column":4},"end":{"line":237,"column":null}},"59":{"start":{"line":228,"column":23},"end":{"line":233,"column":8}},"60":{"start":{"line":234,"column":6},"end":{"line":235,"column":null}},"61":{"start":{"line":235,"column":8},"end":{"line":235,"column":null}},"62":{"start":{"line":241,"column":4},"end":{"line":251,"column":null}},"63":{"start":{"line":258,"column":4},"end":{"line":349,"column":null}},"64":{"start":{"line":260,"column":36},"end":{"line":265,"column":8}},"65":{"start":{"line":267,"column":6},"end":{"line":268,"column":null}},"66":{"start":{"line":268,"column":8},"end":{"line":268,"column":null}},"67":{"start":{"line":272,"column":25},"end":{"line":273,"column":null}},"68":{"start":{"line":273,"column":8},"end":{"line":273,"column":56}},"69":{"start":{"line":276,"column":6},"end":{"line":277,"column":null}},"70":{"start":{"line":277,"column":8},"end":{"line":277,"column":null}},"71":{"start":{"line":281,"column":81},"end":{"line":281,"column":83}},"72":{"start":{"line":283,"column":28},"end":{"line":309,"column":null}},"73":{"start":{"line":284,"column":32},"end":{"line":289,"column":10}},"74":{"start":{"line":291,"column":8},"end":{"line":291,"column":null}},"75":{"start":{"line":291,"column":35},"end":{"line":291,"column":null}},"76":{"start":{"line":293,"column":8},"end":{"line":309,"column":null}},"77":{"start":{"line":294,"column":10},"end":{"line":309,"column":null}},"78":{"start":{"line":295,"column":12},"end":{"line":295,"column":null}},"79":{"start":{"line":296,"column":21},"end":{"line":309,"column":null}},"80":{"start":{"line":297,"column":39},"end":{"line":302,"column":14}},"81":{"start":{"line":304,"column":12},"end":{"line":309,"column":null}},"82":{"start":{"line":305,"column":14},"end":{"line":309,"column":null}},"83":{"start":{"line":315,"column":6},"end":{"line":315,"column":null}},"84":{"start":{"line":318,"column":6},"end":{"line":342,"column":null}},"85":{"start":{"line":319,"column":24},"end":{"line":319,"column":66}},"86":{"start":{"line":321,"column":8},"end":{"line":342,"column":null}},"87":{"start":{"line":322,"column":10},"end":{"line":329,"column":null}},"88":{"start":{"line":332,"column":10},"end":{"line":339,"column":null}},"89":{"start":{"line":341,"column":26},"end":{"line":341,"column":80}},"90":{"start":{"line":342,"column":10},"end":{"line":342,"column":null}},"91":{"start":{"line":347,"column":6},"end":{"line":349,"column":null}},"92":{"start":{"line":348,"column":24},"end":{"line":348,"column":78}},"93":{"start":{"line":349,"column":8},"end":{"line":349,"column":null}},"94":{"start":{"line":359,"column":4},"end":{"line":359,"column":null}},"95":{"start":{"line":362,"column":4},"end":{"line":362,"column":null}},"96":{"start":{"line":364,"column":24},"end":{"line":387,"column":null}},"97":{"start":{"line":390,"column":24},"end":{"line":403,"column":null}},"98":{"start":{"line":406,"column":22},"end":{"line":406,"column":null}},"99":{"start":{"line":415,"column":21},"end":{"line":419,"column":null}},"100":{"start":{"line":485,"column":24},"end":{"line":489,"column":null}},"101":{"start":{"line":491,"column":4},"end":{"line":537,"column":null}},"102":{"start":{"line":493,"column":71},"end":{"line":493,"column":73}},"103":{"start":{"line":496,"column":6},"end":{"line":510,"column":null}},"104":{"start":{"line":497,"column":8},"end":{"line":510,"column":null}},"105":{"start":{"line":498,"column":10},"end":{"line":510,"column":null}},"106":{"start":{"line":499,"column":26},"end":{"line":499,"column":56}},"107":{"start":{"line":502,"column":12},"end":{"line":505,"column":null}},"108":{"start":{"line":505,"column":14},"end":{"line":505,"column":null}},"109":{"start":{"line":508,"column":12},"end":{"line":508,"column":null}},"110":{"start":{"line":510,"column":12},"end":{"line":510,"column":null}},"111":{"start":{"line":516,"column":6},"end":{"line":517,"column":null}},"112":{"start":{"line":517,"column":8},"end":{"line":517,"column":null}},"113":{"start":{"line":519,"column":6},"end":{"line":520,"column":null}},"114":{"start":{"line":520,"column":8},"end":{"line":520,"column":null}},"115":{"start":{"line":522,"column":6},"end":{"line":523,"column":null}},"116":{"start":{"line":523,"column":8},"end":{"line":523,"column":null}},"117":{"start":{"line":527,"column":6},"end":{"line":527,"column":null}},"118":{"start":{"line":530,"column":36},"end":{"line":530,"column":74}},"119":{"start":{"line":532,"column":6},"end":{"line":533,"column":null}},"120":{"start":{"line":533,"column":8},"end":{"line":533,"column":null}},"121":{"start":{"line":536,"column":6},"end":{"line":536,"column":null}},"122":{"start":{"line":537,"column":6},"end":{"line":537,"column":null}},"123":{"start":{"line":547,"column":4},"end":{"line":547,"column":null}},"124":{"start":{"line":551,"column":17},"end":{"line":551,"column":35}},"125":{"start":{"line":552,"column":18},"end":{"line":552,"column":62}},"126":{"start":{"line":553,"column":16},"end":{"line":553,"column":55}},"127":{"start":{"line":554,"column":4},"end":{"line":554,"column":null}},"128":{"start":{"line":558,"column":18},"end":{"line":558,"column":28}},"129":{"start":{"line":559,"column":28},"end":{"line":559,"column":61}},"130":{"start":{"line":560,"column":21},"end":{"line":560,"column":49}},"131":{"start":{"line":563,"column":25},"end":{"line":563,"column":55}},"132":{"start":{"line":564,"column":4},"end":{"line":565,"column":null}},"133":{"start":{"line":565,"column":6},"end":{"line":565,"column":null}},"134":{"start":{"line":569,"column":4},"end":{"line":583,"column":null}},"135":{"start":{"line":570,"column":23},"end":{"line":575,"column":8}},"136":{"start":{"line":577,"column":6},"end":{"line":579,"column":null}},"137":{"start":{"line":578,"column":24},"end":{"line":578,"column":70}},"138":{"start":{"line":579,"column":8},"end":{"line":579,"column":null}},"139":{"start":{"line":581,"column":6},"end":{"line":581,"column":null}},"140":{"start":{"line":583,"column":6},"end":{"line":583,"column":null}},"141":{"start":{"line":590,"column":4},"end":{"line":590,"column":null}},"142":{"start":{"line":590,"column":18},"end":{"line":590,"column":null}},"143":{"start":{"line":592,"column":18},"end":{"line":592,"column":37}},"144":{"start":{"line":593,"column":33},"end":{"line":593,"column":35}},"145":{"start":{"line":594,"column":27},"end":{"line":594,"column":null}},"146":{"start":{"line":595,"column":27},"end":{"line":595,"column":null}},"147":{"start":{"line":597,"column":4},"end":{"line":614,"column":null}},"148":{"start":{"line":599,"column":6},"end":{"line":603,"column":null}},"149":{"start":{"line":600,"column":8},"end":{"line":600,"column":null}},"150":{"start":{"line":601,"column":8},"end":{"line":601,"column":null}},"151":{"start":{"line":602,"column":8},"end":{"line":602,"column":null}},"152":{"start":{"line":603,"column":8},"end":{"line":603,"column":null}},"153":{"start":{"line":607,"column":6},"end":{"line":609,"column":null}},"154":{"start":{"line":608,"column":8},"end":{"line":608,"column":null}},"155":{"start":{"line":609,"column":8},"end":{"line":609,"column":null}},"156":{"start":{"line":613,"column":6},"end":{"line":614,"column":null}},"157":{"start":{"line":614,"column":8},"end":{"line":614,"column":null}},"158":{"start":{"line":619,"column":4},"end":{"line":620,"column":null}},"159":{"start":{"line":620,"column":6},"end":{"line":620,"column":null}},"160":{"start":{"line":623,"column":4},"end":{"line":623,"column":null}},"161":{"start":{"line":629,"column":4},"end":{"line":629,"column":null}},"162":{"start":{"line":629,"column":26},"end":{"line":629,"column":null}},"163":{"start":{"line":631,"column":18},"end":{"line":631,"column":45}},"164":{"start":{"line":632,"column":29},"end":{"line":632,"column":null}},"165":{"start":{"line":635,"column":4},"end":{"line":635,"column":null}},"166":{"start":{"line":635,"column":30},"end":{"line":635,"column":63}},"167":{"start":{"line":642,"column":28},"end":{"line":642,"column":null}},"168":{"start":{"line":643,"column":26},"end":{"line":643,"column":null}},"169":{"start":{"line":644,"column":25},"end":{"line":644,"column":null}},"170":{"start":{"line":646,"column":4},"end":{"line":650,"column":null}},"171":{"start":{"line":658,"column":28},"end":{"line":658,"column":null}},"172":{"start":{"line":659,"column":25},"end":{"line":659,"column":55}},"173":{"start":{"line":660,"column":16},"end":{"line":660,"column":26}},"174":{"start":{"line":662,"column":23},"end":{"line":662,"column":null}},"175":{"start":{"line":664,"column":4},"end":{"line":665,"column":null}},"176":{"start":{"line":665,"column":6},"end":{"line":665,"column":null}},"177":{"start":{"line":668,"column":30},"end":{"line":668,"column":null}},"178":{"start":{"line":669,"column":28},"end":{"line":669,"column":null}},"179":{"start":{"line":671,"column":4},"end":{"line":678,"column":null}},"180":{"start":{"line":672,"column":23},"end":{"line":672,"column":null}},"181":{"start":{"line":673,"column":27},"end":{"line":673,"column":null}},"182":{"start":{"line":675,"column":25},"end":{"line":675,"column":null}},"183":{"start":{"line":677,"column":6},"end":{"line":678,"column":null}},"184":{"start":{"line":678,"column":8},"end":{"line":678,"column":null}},"185":{"start":{"line":682,"column":4},"end":{"line":682,"column":null}},"186":{"start":{"line":689,"column":4},"end":{"line":697,"column":null}},"187":{"start":{"line":704,"column":28},"end":{"line":704,"column":null}},"188":{"start":{"line":706,"column":4},"end":{"line":707,"column":null}},"189":{"start":{"line":707,"column":6},"end":{"line":707,"column":null}},"190":{"start":{"line":710,"column":4},"end":{"line":736,"column":null}},"191":{"start":{"line":712,"column":27},"end":{"line":712,"column":57}},"192":{"start":{"line":713,"column":6},"end":{"line":714,"column":null}},"193":{"start":{"line":714,"column":8},"end":{"line":714,"column":null}},"194":{"start":{"line":718,"column":6},"end":{"line":718,"column":null}},"195":{"start":{"line":721,"column":6},"end":{"line":721,"column":null}},"196":{"start":{"line":722,"column":6},"end":{"line":722,"column":null}},"197":{"start":{"line":723,"column":6},"end":{"line":723,"column":null}},"198":{"start":{"line":725,"column":6},"end":{"line":729,"column":null}},"199":{"start":{"line":731,"column":22},"end":{"line":731,"column":null}},"200":{"start":{"line":732,"column":6},"end":{"line":736,"column":null}},"201":{"start":{"line":742,"column":4},"end":{"line":743,"column":null}},"202":{"start":{"line":743,"column":6},"end":{"line":743,"column":null}},"203":{"start":{"line":746,"column":4},"end":{"line":746,"column":null}},"204":{"start":{"line":748,"column":4},"end":{"line":803,"column":null}},"205":{"start":{"line":749,"column":23},"end":{"line":749,"column":56}},"206":{"start":{"line":751,"column":24},"end":{"line":755,"column":8}},"207":{"start":{"line":757,"column":28},"end":{"line":757,"column":null}},"208":{"start":{"line":761,"column":27},"end":{"line":761,"column":57}},"209":{"start":{"line":762,"column":6},"end":{"line":780,"column":null}},"210":{"start":{"line":763,"column":8},"end":{"line":763,"column":null}},"211":{"start":{"line":764,"column":8},"end":{"line":764,"column":null}},"212":{"start":{"line":767,"column":8},"end":{"line":780,"column":null}},"213":{"start":{"line":768,"column":27},"end":{"line":773,"column":12}},"214":{"start":{"line":775,"column":10},"end":{"line":777,"column":null}},"215":{"start":{"line":776,"column":12},"end":{"line":776,"column":null}},"216":{"start":{"line":777,"column":12},"end":{"line":777,"column":null}},"217":{"start":{"line":780,"column":10},"end":{"line":780,"column":null}},"218":{"start":{"line":785,"column":6},"end":{"line":786,"column":null}},"219":{"start":{"line":786,"column":8},"end":{"line":786,"column":null}},"220":{"start":{"line":790,"column":25},"end":{"line":790,"column":null}},"221":{"start":{"line":793,"column":30},"end":{"line":793,"column":null}},"222":{"start":{"line":794,"column":32},"end":{"line":794,"column":null}},"223":{"start":{"line":796,"column":6},"end":{"line":800,"column":null}},"224":{"start":{"line":801,"column":6},"end":{"line":801,"column":null}},"225":{"start":{"line":803,"column":6},"end":{"line":803,"column":null}},"226":{"start":{"line":808,"column":0},"end":{"line":808,"column":null}}},"fnMap":{"0":{"name":"(anonymous_0)","decl":{"start":{"line":42,"column":2},"end":{"line":42,"column":14}},"loc":{"start":{"line":42,"column":52},"end":{"line":51,"column":null}},"line":42},"1":{"name":"(anonymous_1)","decl":{"start":{"line":55,"column":8},"end":{"line":55,"column":40}},"loc":{"start":{"line":55,"column":40},"end":{"line":59,"column":null}},"line":55},"2":{"name":"(anonymous_2)","decl":{"start":{"line":65,"column":8},"end":{"line":65,"column":null}},"loc":{"start":{"line":70,"column":5},"end":{"line":90,"column":null}},"line":70},"3":{"name":"(anonymous_3)","decl":{"start":{"line":96,"column":16},"end":{"line":96,"column":91}},"loc":{"start":{"line":96,"column":91},"end":{"line":132,"column":null}},"line":96},"4":{"name":"(anonymous_4)","decl":{"start":{"line":139,"column":2},"end":{"line":139,"column":10}},"loc":{"start":{"line":139,"column":63},"end":{"line":146,"column":null}},"line":139},"5":{"name":"(anonymous_5)","decl":{"start":{"line":151,"column":2},"end":{"line":151,"column":10}},"loc":{"start":{"line":151,"column":55},"end":{"line":154,"column":null}},"line":151},"6":{"name":"(anonymous_6)","decl":{"start":{"line":160,"column":16},"end":{"line":160,"column":53}},"loc":{"start":{"line":160,"column":53},"end":{"line":192,"column":null}},"line":160},"7":{"name":"(anonymous_7)","decl":{"start":{"line":201,"column":16},"end":{"line":201,"column":37}},"loc":{"start":{"line":201,"column":114},"end":{"line":218,"column":null}},"line":201},"8":{"name":"(anonymous_8)","decl":{"start":{"line":208,"column":14},"end":{"line":208,"column":18}},"loc":{"start":{"line":208,"column":26},"end":{"line":208,"column":53}},"line":208},"9":{"name":"(anonymous_9)","decl":{"start":{"line":211,"column":14},"end":{"line":211,"column":23}},"loc":{"start":{"line":211,"column":41},"end":{"line":215,"column":null}},"line":211},"10":{"name":"(anonymous_10)","decl":{"start":{"line":224,"column":16},"end":{"line":224,"column":33}},"loc":{"start":{"line":224,"column":98},"end":{"line":251,"column":null}},"line":224},"11":{"name":"(anonymous_11)","decl":{"start":{"line":257,"column":16},"end":{"line":257,"column":51}},"loc":{"start":{"line":257,"column":51},"end":{"line":349,"column":null}},"line":257},"12":{"name":"(anonymous_12)","decl":{"start":{"line":272,"column":37},"end":{"line":272,"column":42}},"loc":{"start":{"line":273,"column":8},"end":{"line":273,"column":56}},"line":273},"13":{"name":"(anonymous_13)","decl":{"start":{"line":283,"column":28},"end":{"line":283,"column":35}},"loc":{"start":{"line":283,"column":67},"end":{"line":309,"column":null}},"line":283},"14":{"name":"(anonymous_14)","decl":{"start":{"line":357,"column":16},"end":{"line":357,"column":32}},"loc":{"start":{"line":357,"column":72},"end":{"line":537,"column":null}},"line":357},"15":{"name":"(anonymous_15)","decl":{"start":{"line":545,"column":16},"end":{"line":545,"column":48}},"loc":{"start":{"line":545,"column":48},"end":{"line":547,"column":null}},"line":545},"16":{"name":"(anonymous_16)","decl":{"start":{"line":550,"column":2},"end":{"line":550,"column":10}},"loc":{"start":{"line":550,"column":47},"end":{"line":554,"column":null}},"line":550},"17":{"name":"(anonymous_17)","decl":{"start":{"line":557,"column":8},"end":{"line":557,"column":42}},"loc":{"start":{"line":557,"column":42},"end":{"line":583,"column":null}},"line":557},"18":{"name":"(anonymous_18)","decl":{"start":{"line":589,"column":2},"end":{"line":589,"column":10}},"loc":{"start":{"line":589,"column":79},"end":{"line":623,"column":null}},"line":589},"19":{"name":"(anonymous_19)","decl":{"start":{"line":628,"column":2},"end":{"line":628,"column":10}},"loc":{"start":{"line":628,"column":102},"end":{"line":635,"column":null}},"line":628},"20":{"name":"(anonymous_20)","decl":{"start":{"line":635,"column":17},"end":{"line":635,"column":22}},"loc":{"start":{"line":635,"column":30},"end":{"line":635,"column":63}},"line":635},"21":{"name":"(anonymous_21)","decl":{"start":{"line":641,"column":2},"end":{"line":641,"column":92}},"loc":{"start":{"line":641,"column":92},"end":{"line":650,"column":null}},"line":641},"22":{"name":"(anonymous_22)","decl":{"start":{"line":656,"column":2},"end":{"line":656,"column":10}},"loc":{"start":{"line":656,"column":36},"end":{"line":682,"column":null}},"line":656},"23":{"name":"(anonymous_23)","decl":{"start":{"line":688,"column":16},"end":{"line":688,"column":29}},"loc":{"start":{"line":688,"column":93},"end":{"line":697,"column":null}},"line":688},"24":{"name":"(anonymous_24)","decl":{"start":{"line":703,"column":8},"end":{"line":703,"column":85}},"loc":{"start":{"line":703,"column":85},"end":{"line":736,"column":null}},"line":703},"25":{"name":"(anonymous_25)","decl":{"start":{"line":740,"column":8},"end":{"line":740,"column":21}},"loc":{"start":{"line":740,"column":53},"end":{"line":803,"column":null}},"line":740}},"branchMap":{"0":{"loc":{"start":{"line":45,"column":28},"end":{"line":45,"column":null}},"type":"binary-expr","locations":[{"start":{"line":45,"column":28},"end":{"line":45,"column":75}},{"start":{"line":45,"column":75},"end":{"line":45,"column":null}}],"line":45},"1":{"loc":{"start":{"line":50,"column":4},"end":{"line":51,"column":null}},"type":"if","locations":[{"start":{"line":50,"column":4},"end":{"line":51,"column":null}},{"start":{},"end":{}}],"line":50},"2":{"loc":{"start":{"line":75,"column":4},"end":{"line":82,"column":null}},"type":"if","locations":[{"start":{"line":75,"column":4},"end":{"line":82,"column":null}},{"start":{},"end":{}}],"line":75},"3":{"loc":{"start":{"line":105,"column":6},"end":{"line":125,"column":null}},"type":"if","locations":[{"start":{"line":105,"column":6},"end":{"line":125,"column":null}},{"start":{},"end":{}}],"line":105},"4":{"loc":{"start":{"line":109,"column":8},"end":{"line":110,"column":null}},"type":"if","locations":[{"start":{"line":109,"column":8},"end":{"line":110,"column":null}},{"start":{},"end":{}}],"line":109},"5":{"loc":{"start":{"line":116,"column":10},"end":{"line":117,"column":null}},"type":"if","locations":[{"start":{"line":116,"column":10},"end":{"line":117,"column":null}},{"start":{},"end":{}}],"line":116},"6":{"loc":{"start":{"line":116,"column":14},"end":{"line":116,"column":73}},"type":"binary-expr","locations":[{"start":{"line":116,"column":14},"end":{"line":116,"column":36}},{"start":{"line":116,"column":36},"end":{"line":116,"column":73}}],"line":116},"7":{"loc":{"start":{"line":121,"column":8},"end":{"line":122,"column":null}},"type":"if","locations":[{"start":{"line":121,"column":8},"end":{"line":122,"column":null}},{"start":{},"end":{}}],"line":121},"8":{"loc":{"start":{"line":143,"column":4},"end":{"line":144,"column":null}},"type":"if","locations":[{"start":{"line":143,"column":4},"end":{"line":144,"column":null}},{"start":{},"end":{}}],"line":143},"9":{"loc":{"start":{"line":176,"column":8},"end":{"line":184,"column":null}},"type":"if","locations":[{"start":{"line":176,"column":8},"end":{"line":184,"column":null}},{"start":{},"end":{}}],"line":176},"10":{"loc":{"start":{"line":188,"column":8},"end":{"line":192,"column":null}},"type":"if","locations":[{"start":{"line":188,"column":8},"end":{"line":192,"column":null}},{"start":{"line":190,"column":15},"end":{"line":192,"column":null}}],"line":188},"11":{"loc":{"start":{"line":191,"column":26},"end":{"line":191,"column":80}},"type":"cond-expr","locations":[{"start":{"line":191,"column":51},"end":{"line":191,"column":67}},{"start":{"line":191,"column":67},"end":{"line":191,"column":80}}],"line":191},"12":{"loc":{"start":{"line":212,"column":8},"end":{"line":213,"column":null}},"type":"if","locations":[{"start":{"line":212,"column":8},"end":{"line":213,"column":null}},{"start":{},"end":{}}],"line":212},"13":{"loc":{"start":{"line":234,"column":6},"end":{"line":235,"column":null}},"type":"if","locations":[{"start":{"line":234,"column":6},"end":{"line":235,"column":null}},{"start":{},"end":{}}],"line":234},"14":{"loc":{"start":{"line":246,"column":15},"end":{"line":248,"column":54}},"type":"cond-expr","locations":[{"start":{"line":247,"column":10},"end":{"line":247,"column":41}},{"start":{"line":248,"column":10},"end":{"line":248,"column":54}}],"line":246},"15":{"loc":{"start":{"line":267,"column":6},"end":{"line":268,"column":null}},"type":"if","locations":[{"start":{"line":267,"column":6},"end":{"line":268,"column":null}},{"start":{},"end":{}}],"line":267},"16":{"loc":{"start":{"line":273,"column":8},"end":{"line":273,"column":56}},"type":"binary-expr","locations":[{"start":{"line":273,"column":8},"end":{"line":273,"column":31}},{"start":{"line":273,"column":31},"end":{"line":273,"column":56}}],"line":273},"17":{"loc":{"start":{"line":276,"column":6},"end":{"line":277,"column":null}},"type":"if","locations":[{"start":{"line":276,"column":6},"end":{"line":277,"column":null}},{"start":{},"end":{}}],"line":276},"18":{"loc":{"start":{"line":291,"column":8},"end":{"line":291,"column":null}},"type":"if","locations":[{"start":{"line":291,"column":8},"end":{"line":291,"column":null}},{"start":{},"end":{}}],"line":291},"19":{"loc":{"start":{"line":294,"column":10},"end":{"line":309,"column":null}},"type":"if","locations":[{"start":{"line":294,"column":10},"end":{"line":309,"column":null}},{"start":{"line":296,"column":21},"end":{"line":309,"column":null}}],"line":294},"20":{"loc":{"start":{"line":296,"column":21},"end":{"line":309,"column":null}},"type":"if","locations":[{"start":{"line":296,"column":21},"end":{"line":309,"column":null}},{"start":{},"end":{}}],"line":296},"21":{"loc":{"start":{"line":296,"column":21},"end":{"line":296,"column":70}},"type":"binary-expr","locations":[{"start":{"line":296,"column":21},"end":{"line":296,"column":45}},{"start":{"line":296,"column":45},"end":{"line":296,"column":70}}],"line":296},"22":{"loc":{"start":{"line":304,"column":12},"end":{"line":309,"column":null}},"type":"if","locations":[{"start":{"line":304,"column":12},"end":{"line":309,"column":null}},{"start":{},"end":{}}],"line":304},"23":{"loc":{"start":{"line":341,"column":26},"end":{"line":341,"column":80}},"type":"cond-expr","locations":[{"start":{"line":341,"column":51},"end":{"line":341,"column":67}},{"start":{"line":341,"column":67},"end":{"line":341,"column":80}}],"line":341},"24":{"loc":{"start":{"line":347,"column":6},"end":{"line":349,"column":null}},"type":"if","locations":[{"start":{"line":347,"column":6},"end":{"line":349,"column":null}},{"start":{},"end":{}}],"line":347},"25":{"loc":{"start":{"line":348,"column":24},"end":{"line":348,"column":78}},"type":"cond-expr","locations":[{"start":{"line":348,"column":49},"end":{"line":348,"column":65}},{"start":{"line":348,"column":65},"end":{"line":348,"column":78}}],"line":348},"26":{"loc":{"start":{"line":497,"column":8},"end":{"line":510,"column":null}},"type":"if","locations":[{"start":{"line":497,"column":8},"end":{"line":510,"column":null}},{"start":{},"end":{}}],"line":497},"27":{"loc":{"start":{"line":502,"column":12},"end":{"line":505,"column":null}},"type":"if","locations":[{"start":{"line":502,"column":12},"end":{"line":505,"column":null}},{"start":{},"end":{}}],"line":502},"28":{"loc":{"start":{"line":502,"column":16},"end":{"line":504,"column":62}},"type":"binary-expr","locations":[{"start":{"line":502,"column":16},"end":{"line":502,"column":null}},{"start":{"line":503,"column":15},"end":{"line":503,"column":null}},{"start":{"line":504,"column":16},"end":{"line":504,"column":62}}],"line":502},"29":{"loc":{"start":{"line":516,"column":6},"end":{"line":517,"column":null}},"type":"if","locations":[{"start":{"line":516,"column":6},"end":{"line":517,"column":null}},{"start":{},"end":{}}],"line":516},"30":{"loc":{"start":{"line":519,"column":6},"end":{"line":520,"column":null}},"type":"if","locations":[{"start":{"line":519,"column":6},"end":{"line":520,"column":null}},{"start":{},"end":{}}],"line":519},"31":{"loc":{"start":{"line":522,"column":6},"end":{"line":523,"column":null}},"type":"if","locations":[{"start":{"line":522,"column":6},"end":{"line":523,"column":null}},{"start":{},"end":{}}],"line":522},"32":{"loc":{"start":{"line":532,"column":6},"end":{"line":533,"column":null}},"type":"if","locations":[{"start":{"line":532,"column":6},"end":{"line":533,"column":null}},{"start":{},"end":{}}],"line":532},"33":{"loc":{"start":{"line":564,"column":4},"end":{"line":565,"column":null}},"type":"if","locations":[{"start":{"line":564,"column":4},"end":{"line":565,"column":null}},{"start":{},"end":{}}],"line":564},"34":{"loc":{"start":{"line":564,"column":8},"end":{"line":564,"column":60}},"type":"binary-expr","locations":[{"start":{"line":564,"column":8},"end":{"line":564,"column":24}},{"start":{"line":564,"column":24},"end":{"line":564,"column":60}}],"line":564},"35":{"loc":{"start":{"line":577,"column":6},"end":{"line":579,"column":null}},"type":"if","locations":[{"start":{"line":577,"column":6},"end":{"line":579,"column":null}},{"start":{},"end":{}}],"line":577},"36":{"loc":{"start":{"line":590,"column":4},"end":{"line":590,"column":null}},"type":"if","locations":[{"start":{"line":590,"column":4},"end":{"line":590,"column":null}},{"start":{},"end":{}}],"line":590},"37":{"loc":{"start":{"line":599,"column":6},"end":{"line":603,"column":null}},"type":"if","locations":[{"start":{"line":599,"column":6},"end":{"line":603,"column":null}},{"start":{},"end":{}}],"line":599},"38":{"loc":{"start":{"line":599,"column":10},"end":{"line":599,"column":84}},"type":"binary-expr","locations":[{"start":{"line":599,"column":10},"end":{"line":599,"column":50}},{"start":{"line":599,"column":54},"end":{"line":599,"column":84}}],"line":599},"39":{"loc":{"start":{"line":607,"column":6},"end":{"line":609,"column":null}},"type":"if","locations":[{"start":{"line":607,"column":6},"end":{"line":609,"column":null}},{"start":{},"end":{}}],"line":607},"40":{"loc":{"start":{"line":607,"column":10},"end":{"line":607,"column":85}},"type":"binary-expr","locations":[{"start":{"line":607,"column":10},"end":{"line":607,"column":50}},{"start":{"line":607,"column":54},"end":{"line":607,"column":85}}],"line":607},"41":{"loc":{"start":{"line":613,"column":6},"end":{"line":614,"column":null}},"type":"if","locations":[{"start":{"line":613,"column":6},"end":{"line":614,"column":null}},{"start":{},"end":{}}],"line":613},"42":{"loc":{"start":{"line":619,"column":4},"end":{"line":620,"column":null}},"type":"if","locations":[{"start":{"line":619,"column":4},"end":{"line":620,"column":null}},{"start":{},"end":{}}],"line":619},"43":{"loc":{"start":{"line":629,"column":4},"end":{"line":629,"column":null}},"type":"if","locations":[{"start":{"line":629,"column":4},"end":{"line":629,"column":null}},{"start":{},"end":{}}],"line":629},"44":{"loc":{"start":{"line":642,"column":28},"end":{"line":642,"column":null}},"type":"binary-expr","locations":[{"start":{"line":642,"column":28},"end":{"line":642,"column":60}},{"start":{"line":642,"column":75},"end":{"line":642,"column":null}}],"line":642},"45":{"loc":{"start":{"line":643,"column":26},"end":{"line":643,"column":null}},"type":"binary-expr","locations":[{"start":{"line":643,"column":26},"end":{"line":643,"column":56}},{"start":{"line":643,"column":71},"end":{"line":643,"column":null}}],"line":643},"46":{"loc":{"start":{"line":658,"column":28},"end":{"line":658,"column":null}},"type":"binary-expr","locations":[{"start":{"line":658,"column":28},"end":{"line":658,"column":60}},{"start":{"line":658,"column":75},"end":{"line":658,"column":null}}],"line":658},"47":{"loc":{"start":{"line":664,"column":4},"end":{"line":665,"column":null}},"type":"if","locations":[{"start":{"line":664,"column":4},"end":{"line":665,"column":null}},{"start":{},"end":{}}],"line":664},"48":{"loc":{"start":{"line":671,"column":4},"end":{"line":678,"column":null}},"type":"if","locations":[{"start":{"line":671,"column":4},"end":{"line":678,"column":null}},{"start":{},"end":{}}],"line":671},"49":{"loc":{"start":{"line":675,"column":25},"end":{"line":675,"column":null}},"type":"binary-expr","locations":[{"start":{"line":675,"column":25},"end":{"line":675,"column":46}},{"start":{"line":675,"column":46},"end":{"line":675,"column":null}}],"line":675},"50":{"loc":{"start":{"line":677,"column":6},"end":{"line":678,"column":null}},"type":"if","locations":[{"start":{"line":677,"column":6},"end":{"line":678,"column":null}},{"start":{},"end":{}}],"line":677},"51":{"loc":{"start":{"line":704,"column":28},"end":{"line":704,"column":null}},"type":"binary-expr","locations":[{"start":{"line":704,"column":28},"end":{"line":704,"column":60}},{"start":{"line":704,"column":75},"end":{"line":704,"column":null}}],"line":704},"52":{"loc":{"start":{"line":706,"column":4},"end":{"line":707,"column":null}},"type":"if","locations":[{"start":{"line":706,"column":4},"end":{"line":707,"column":null}},{"start":{},"end":{}}],"line":706},"53":{"loc":{"start":{"line":713,"column":6},"end":{"line":714,"column":null}},"type":"if","locations":[{"start":{"line":713,"column":6},"end":{"line":714,"column":null}},{"start":{},"end":{}}],"line":713},"54":{"loc":{"start":{"line":731,"column":22},"end":{"line":731,"column":null}},"type":"cond-expr","locations":[{"start":{"line":731,"column":47},"end":{"line":731,"column":63}},{"start":{"line":731,"column":63},"end":{"line":731,"column":null}}],"line":731},"55":{"loc":{"start":{"line":742,"column":4},"end":{"line":743,"column":null}},"type":"if","locations":[{"start":{"line":742,"column":4},"end":{"line":743,"column":null}},{"start":{},"end":{}}],"line":742},"56":{"loc":{"start":{"line":762,"column":6},"end":{"line":780,"column":null}},"type":"if","locations":[{"start":{"line":762,"column":6},"end":{"line":780,"column":null}},{"start":{"line":765,"column":13},"end":{"line":780,"column":null}}],"line":762},"57":{"loc":{"start":{"line":762,"column":10},"end":{"line":762,"column":62}},"type":"binary-expr","locations":[{"start":{"line":762,"column":10},"end":{"line":762,"column":26}},{"start":{"line":762,"column":26},"end":{"line":762,"column":62}}],"line":762},"58":{"loc":{"start":{"line":775,"column":10},"end":{"line":777,"column":null}},"type":"if","locations":[{"start":{"line":775,"column":10},"end":{"line":777,"column":null}},{"start":{},"end":{}}],"line":775},"59":{"loc":{"start":{"line":785,"column":6},"end":{"line":786,"column":null}},"type":"if","locations":[{"start":{"line":785,"column":6},"end":{"line":786,"column":null}},{"start":{},"end":{}}],"line":785},"60":{"loc":{"start":{"line":793,"column":30},"end":{"line":793,"column":null}},"type":"binary-expr","locations":[{"start":{"line":793,"column":30},"end":{"line":793,"column":62}},{"start":{"line":793,"column":77},"end":{"line":793,"column":null}}],"line":793}},"s":{"0":13,"1":13,"2":13,"3":13,"4":13,"5":13,"6":13,"7":13,"8":13,"9":13,"10":9,"11":0,"12":0,"13":0,"14":0,"15":0,"16":0,"17":0,"18":0,"19":0,"20":0,"21":0,"22":0,"23":0,"24":0,"25":0,"26":0,"27":0,"28":0,"29":0,"30":0,"31":0,"32":0,"33":0,"34":0,"35":0,"36":0,"37":0,"38":3,"39":0,"40":0,"41":0,"42":0,"43":0,"44":0,"45":0,"46":0,"47":0,"48":0,"49":0,"50":0,"51":0,"52":0,"53":0,"54":0,"55":0,"56":0,"57":0,"58":0,"59":0,"60":0,"61":0,"62":0,"63":0,"64":0,"65":0,"66":0,"67":0,"68":0,"69":0,"70":0,"71":0,"72":0,"73":0,"74":0,"75":0,"76":0,"77":0,"78":0,"79":0,"80":0,"81":0,"82":0,"83":0,"84":0,"85":0,"86":0,"87":0,"88":0,"89":0,"90":0,"91":0,"92":0,"93":0,"94":0,"95":0,"96":0,"97":0,"98":0,"99":0,"100":0,"101":0,"102":0,"103":0,"104":0,"105":0,"106":0,"107":0,"108":0,"109":0,"110":0,"111":0,"112":0,"113":0,"114":0,"115":0,"116":0,"117":0,"118":0,"119":0,"120":0,"121":0,"122":0,"123":0,"124":2,"125":2,"126":2,"127":2,"128":0,"129":0,"130":0,"131":0,"132":0,"133":0,"134":0,"135":0,"136":0,"137":0,"138":0,"139":0,"140":0,"141":0,"142":0,"143":0,"144":0,"145":0,"146":0,"147":0,"148":0,"149":0,"150":0,"151":0,"152":0,"153":0,"154":0,"155":0,"156":0,"157":0,"158":0,"159":0,"160":0,"161":3,"162":1,"163":2,"164":2,"165":2,"166":7,"167":2,"168":2,"169":2,"170":2,"171":3,"172":3,"173":3,"174":3,"175":3,"176":1,"177":2,"178":2,"179":2,"180":2,"181":2,"182":2,"183":2,"184":1,"185":1,"186":0,"187":0,"188":0,"189":0,"190":0,"191":0,"192":0,"193":0,"194":0,"195":0,"196":0,"197":0,"198":0,"199":0,"200":0,"201":0,"202":0,"203":0,"204":0,"205":0,"206":0,"207":0,"208":0,"209":0,"210":0,"211":0,"212":0,"213":0,"214":0,"215":0,"216":0,"217":0,"218":0,"219":0,"220":0,"221":0,"222":0,"223":0,"224":0,"225":0,"226":1},"f":{"0":13,"1":0,"2":0,"3":0,"4":0,"5":3,"6":0,"7":0,"8":0,"9":0,"10":0,"11":0,"12":0,"13":0,"14":0,"15":0,"16":2,"17":0,"18":0,"19":3,"20":7,"21":2,"22":3,"23":0,"24":0,"25":0},"b":{"0":[13,0],"1":[9,4],"2":[0,0],"3":[0,0],"4":[0,0],"5":[0,0],"6":[0,0],"7":[0,0],"8":[0,0],"9":[0,0],"10":[0,0],"11":[0,0],"12":[0,0],"13":[0,0],"14":[0,0],"15":[0,0],"16":[0,0],"17":[0,0],"18":[0,0],"19":[0,0],"20":[0,0],"21":[0,0],"22":[0,0],"23":[0,0],"24":[0,0],"25":[0,0],"26":[0,0],"27":[0,0],"28":[0,0,0],"29":[0,0],"30":[0,0],"31":[0,0],"32":[0,0],"33":[0,0],"34":[0,0],"35":[0,0],"36":[0,0],"37":[0,0],"38":[0,0],"39":[0,0],"40":[0,0],"41":[0,0],"42":[0,0],"43":[1,2],"44":[2,1],"45":[2,1],"46":[3,0],"47":[1,2],"48":[2,0],"49":[2,2],"50":[1,1],"51":[0,0],"52":[0,0],"53":[0,0],"54":[0,0],"55":[0,0],"56":[0,0],"57":[0,0],"58":[0,0],"59":[0,0],"60":[0,0]},"meta":{"lastBranch":61,"lastFunction":26,"lastStatement":227,"seen":{"s:15:32:15:Infinity":0,"s:17:25:17:Infinity":1,"s:18:40:18:Infinity":2,"s:19:44:19:Infinity":3,"s:23:59:40:Infinity":4,"f:42:2:42:14":0,"s:43:4:43:Infinity":5,"s:44:4:44:Infinity":6,"s:45:4:45:Infinity":7,"b:45:28:45:75:45:75:45:Infinity":0,"s:46:4:48:Infinity":8,"b:50:4:51:Infinity:undefined:undefined:undefined:undefined":1,"s:50:4:51:Infinity":9,"s:51:6:51:Infinity":10,"f:55:8:55:40":1,"s:56:4:59:Infinity":11,"f:65:8:65:Infinity":2,"s:71:4:71:Infinity":12,"s:73:43:73:68":13,"b:75:4:82:Infinity:undefined:undefined:undefined:undefined":2,"s:75:4:82:Infinity":14,"s:76:6:76:Infinity":15,"s:77:6:82:Infinity":16,"s:85:4:90:Infinity":17,"f:96:16:96:91":3,"s:97:4:129:Infinity":18,"s:98:23:103:8":19,"b:105:6:125:Infinity:undefined:undefined:undefined:undefined":3,"s:105:6:125:Infinity":20,"s:106:28:106:86":21,"b:109:8:110:Infinity:undefined:undefined:undefined:undefined":4,"s:109:8:110:Infinity":22,"s:110:10:110:Infinity":23,"s:114:40:114:42":24,"s:115:8:117:Infinity":25,"b:116:10:117:Infinity:undefined:undefined:undefined:undefined":5,"s:116:10:117:Infinity":26,"b:116:14:116:36:116:36:116:73":6,"s:117:12:117:Infinity":27,"b:121:8:122:Infinity:undefined:undefined:undefined:undefined":7,"s:121:8:122:Infinity":28,"s:122:10:122:Infinity":29,"s:125:8:125:Infinity":30,"s:129:6:129:Infinity":31,"s:132:4:132:Infinity":32,"f:139:2:139:10":4,"s:140:21:140:71":33,"s:142:21:142:82":34,"b:143:4:144:Infinity:undefined:undefined:undefined:undefined":8,"s:143:4:144:Infinity":35,"s:144:6:144:Infinity":36,"s:146:4:146:Infinity":37,"f:151:2:151:10":5,"s:152:4:154:Infinity":38,"f:160:16:160:53":6,"s:161:25:165:Infinity":39,"s:167:4:192:Infinity":40,"s:168:6:192:Infinity":41,"s:169:25:174:10":42,"b:176:8:184:Infinity:undefined:undefined:undefined:undefined":9,"s:176:8:184:Infinity":43,"s:177:10:184:Infinity":44,"b:188:8:192:Infinity:190:15:192:Infinity":10,"s:188:8:192:Infinity":45,"s:191:26:191:80":46,"b:191:51:191:67:191:67:191:80":11,"s:192:10:192:Infinity":47,"f:201:16:201:37":7,"s:202:34:202:36":48,"s:204:4:215:Infinity":49,"s:204:17:204:20":50,"s:205:20:205:67":51,"s:207:22:208:Infinity":52,"f:208:14:208:18":8,"s:208:26:208:53":53,"s:211:6:215:Infinity":54,"f:211:14:211:23":9,"b:212:8:213:Infinity:undefined:undefined:undefined:undefined":12,"s:212:8:213:Infinity":55,"s:213:10:213:Infinity":56,"s:218:4:218:Infinity":57,"f:224:16:224:33":10,"s:227:4:237:Infinity":58,"s:228:23:233:8":59,"b:234:6:235:Infinity:undefined:undefined:undefined:undefined":13,"s:234:6:235:Infinity":60,"s:235:8:235:Infinity":61,"s:241:4:251:Infinity":62,"b:247:10:247:41:248:10:248:54":14,"f:257:16:257:51":11,"s:258:4:349:Infinity":63,"s:260:36:265:8":64,"b:267:6:268:Infinity:undefined:undefined:undefined:undefined":15,"s:267:6:268:Infinity":65,"s:268:8:268:Infinity":66,"s:272:25:273:Infinity":67,"f:272:37:272:42":12,"s:273:8:273:56":68,"b:273:8:273:31:273:31:273:56":16,"b:276:6:277:Infinity:undefined:undefined:undefined:undefined":17,"s:276:6:277:Infinity":69,"s:277:8:277:Infinity":70,"s:281:81:281:83":71,"s:283:28:309:Infinity":72,"f:283:28:283:35":13,"s:284:32:289:10":73,"b:291:8:291:Infinity:undefined:undefined:undefined:undefined":18,"s:291:8:291:Infinity":74,"s:291:35:291:Infinity":75,"s:293:8:309:Infinity":76,"b:294:10:309:Infinity:296:21:309:Infinity":19,"s:294:10:309:Infinity":77,"s:295:12:295:Infinity":78,"b:296:21:309:Infinity:undefined:undefined:undefined:undefined":20,"s:296:21:309:Infinity":79,"b:296:21:296:45:296:45:296:70":21,"s:297:39:302:14":80,"b:304:12:309:Infinity:undefined:undefined:undefined:undefined":22,"s:304:12:309:Infinity":81,"s:305:14:309:Infinity":82,"s:315:6:315:Infinity":83,"s:318:6:342:Infinity":84,"s:319:24:319:66":85,"s:321:8:342:Infinity":86,"s:322:10:329:Infinity":87,"s:332:10:339:Infinity":88,"s:341:26:341:80":89,"b:341:51:341:67:341:67:341:80":23,"s:342:10:342:Infinity":90,"b:347:6:349:Infinity:undefined:undefined:undefined:undefined":24,"s:347:6:349:Infinity":91,"s:348:24:348:78":92,"b:348:49:348:65:348:65:348:78":25,"s:349:8:349:Infinity":93,"f:357:16:357:32":14,"s:359:4:359:Infinity":94,"s:362:4:362:Infinity":95,"s:364:24:387:Infinity":96,"s:390:24:403:Infinity":97,"s:406:22:406:Infinity":98,"s:415:21:419:Infinity":99,"s:485:24:489:Infinity":100,"s:491:4:537:Infinity":101,"s:493:71:493:73":102,"s:496:6:510:Infinity":103,"b:497:8:510:Infinity:undefined:undefined:undefined:undefined":26,"s:497:8:510:Infinity":104,"s:498:10:510:Infinity":105,"s:499:26:499:56":106,"b:502:12:505:Infinity:undefined:undefined:undefined:undefined":27,"s:502:12:505:Infinity":107,"b:502:16:502:Infinity:503:15:503:Infinity:504:16:504:62":28,"s:505:14:505:Infinity":108,"s:508:12:508:Infinity":109,"s:510:12:510:Infinity":110,"b:516:6:517:Infinity:undefined:undefined:undefined:undefined":29,"s:516:6:517:Infinity":111,"s:517:8:517:Infinity":112,"b:519:6:520:Infinity:undefined:undefined:undefined:undefined":30,"s:519:6:520:Infinity":113,"s:520:8:520:Infinity":114,"b:522:6:523:Infinity:undefined:undefined:undefined:undefined":31,"s:522:6:523:Infinity":115,"s:523:8:523:Infinity":116,"s:527:6:527:Infinity":117,"s:530:36:530:74":118,"b:532:6:533:Infinity:undefined:undefined:undefined:undefined":32,"s:532:6:533:Infinity":119,"s:533:8:533:Infinity":120,"s:536:6:536:Infinity":121,"s:537:6:537:Infinity":122,"f:545:16:545:48":15,"s:547:4:547:Infinity":123,"f:550:2:550:10":16,"s:551:17:551:35":124,"s:552:18:552:62":125,"s:553:16:553:55":126,"s:554:4:554:Infinity":127,"f:557:8:557:42":17,"s:558:18:558:28":128,"s:559:28:559:61":129,"s:560:21:560:49":130,"s:563:25:563:55":131,"b:564:4:565:Infinity:undefined:undefined:undefined:undefined":33,"s:564:4:565:Infinity":132,"b:564:8:564:24:564:24:564:60":34,"s:565:6:565:Infinity":133,"s:569:4:583:Infinity":134,"s:570:23:575:8":135,"b:577:6:579:Infinity:undefined:undefined:undefined:undefined":35,"s:577:6:579:Infinity":136,"s:578:24:578:70":137,"s:579:8:579:Infinity":138,"s:581:6:581:Infinity":139,"s:583:6:583:Infinity":140,"f:589:2:589:10":18,"b:590:4:590:Infinity:undefined:undefined:undefined:undefined":36,"s:590:4:590:Infinity":141,"s:590:18:590:Infinity":142,"s:592:18:592:37":143,"s:593:33:593:35":144,"s:594:27:594:Infinity":145,"s:595:27:595:Infinity":146,"s:597:4:614:Infinity":147,"b:599:6:603:Infinity:undefined:undefined:undefined:undefined":37,"s:599:6:603:Infinity":148,"b:599:10:599:50:599:54:599:84":38,"s:600:8:600:Infinity":149,"s:601:8:601:Infinity":150,"s:602:8:602:Infinity":151,"s:603:8:603:Infinity":152,"b:607:6:609:Infinity:undefined:undefined:undefined:undefined":39,"s:607:6:609:Infinity":153,"b:607:10:607:50:607:54:607:85":40,"s:608:8:608:Infinity":154,"s:609:8:609:Infinity":155,"b:613:6:614:Infinity:undefined:undefined:undefined:undefined":41,"s:613:6:614:Infinity":156,"s:614:8:614:Infinity":157,"b:619:4:620:Infinity:undefined:undefined:undefined:undefined":42,"s:619:4:620:Infinity":158,"s:620:6:620:Infinity":159,"s:623:4:623:Infinity":160,"f:628:2:628:10":19,"b:629:4:629:Infinity:undefined:undefined:undefined:undefined":43,"s:629:4:629:Infinity":161,"s:629:26:629:Infinity":162,"s:631:18:631:45":163,"s:632:29:632:Infinity":164,"s:635:4:635:Infinity":165,"f:635:17:635:22":20,"s:635:30:635:63":166,"f:641:2:641:92":21,"s:642:28:642:Infinity":167,"b:642:28:642:60:642:75:642:Infinity":44,"s:643:26:643:Infinity":168,"b:643:26:643:56:643:71:643:Infinity":45,"s:644:25:644:Infinity":169,"s:646:4:650:Infinity":170,"f:656:2:656:10":22,"s:658:28:658:Infinity":171,"b:658:28:658:60:658:75:658:Infinity":46,"s:659:25:659:55":172,"s:660:16:660:26":173,"s:662:23:662:Infinity":174,"b:664:4:665:Infinity:undefined:undefined:undefined:undefined":47,"s:664:4:665:Infinity":175,"s:665:6:665:Infinity":176,"s:668:30:668:Infinity":177,"s:669:28:669:Infinity":178,"b:671:4:678:Infinity:undefined:undefined:undefined:undefined":48,"s:671:4:678:Infinity":179,"s:672:23:672:Infinity":180,"s:673:27:673:Infinity":181,"s:675:25:675:Infinity":182,"b:675:25:675:46:675:46:675:Infinity":49,"b:677:6:678:Infinity:undefined:undefined:undefined:undefined":50,"s:677:6:678:Infinity":183,"s:678:8:678:Infinity":184,"s:682:4:682:Infinity":185,"f:688:16:688:29":23,"s:689:4:697:Infinity":186,"f:703:8:703:85":24,"s:704:28:704:Infinity":187,"b:704:28:704:60:704:75:704:Infinity":51,"b:706:4:707:Infinity:undefined:undefined:undefined:undefined":52,"s:706:4:707:Infinity":188,"s:707:6:707:Infinity":189,"s:710:4:736:Infinity":190,"s:712:27:712:57":191,"b:713:6:714:Infinity:undefined:undefined:undefined:undefined":53,"s:713:6:714:Infinity":192,"s:714:8:714:Infinity":193,"s:718:6:718:Infinity":194,"s:721:6:721:Infinity":195,"s:722:6:722:Infinity":196,"s:723:6:723:Infinity":197,"s:725:6:729:Infinity":198,"s:731:22:731:Infinity":199,"b:731:47:731:63:731:63:731:Infinity":54,"s:732:6:736:Infinity":200,"f:740:8:740:21":25,"b:742:4:743:Infinity:undefined:undefined:undefined:undefined":55,"s:742:4:743:Infinity":201,"s:743:6:743:Infinity":202,"s:746:4:746:Infinity":203,"s:748:4:803:Infinity":204,"s:749:23:749:56":205,"s:751:24:755:8":206,"s:757:28:757:Infinity":207,"s:761:27:761:57":208,"b:762:6:780:Infinity:765:13:780:Infinity":56,"s:762:6:780:Infinity":209,"b:762:10:762:26:762:26:762:62":57,"s:763:8:763:Infinity":210,"s:764:8:764:Infinity":211,"s:767:8:780:Infinity":212,"s:768:27:773:12":213,"b:775:10:777:Infinity:undefined:undefined:undefined:undefined":58,"s:775:10:777:Infinity":214,"s:776:12:776:Infinity":215,"s:777:12:777:Infinity":216,"s:780:10:780:Infinity":217,"b:785:6:786:Infinity:undefined:undefined:undefined:undefined":59,"s:785:6:786:Infinity":218,"s:786:8:786:Infinity":219,"s:790:25:790:Infinity":220,"s:793:30:793:Infinity":221,"b:793:30:793:62:793:77:793:Infinity":60,"s:794:32:794:Infinity":222,"s:796:6:800:Infinity":223,"s:801:6:801:Infinity":224,"s:803:6:803:Infinity":225,"s:808:0:808:Infinity":226}}}
}
